<?xml version="1.0" encoding="UTF-8"?>
<!-- Generated by org.testng.reporters.JUnitReportReporter -->
<testsuite hostname="DESKTOP-IT377E7" failures="0" tests="1" name="Academy.ValidateNavigationBar" time="0.053" errors="0" timestamp="2020-04-01T14:17:22 CDT" skipped="0">
  <testcase classname="Academy.ValidateNavigationBar" name="basePageNavigation" time="0.053"/>
</testsuite> <!-- Academy.ValidateNavigationBar -->
